-------------------------------------------------------------------------------
Test set: site.nomoreparties.stellarburgers.UpdateUserDataAfterAuthorizationTest
-------------------------------------------------------------------------------
Tests run: 4, Failures: 1, Errors: 0, Skipped: 0, Time elapsed: 6.866 s <<< FAILURE! - in site.nomoreparties.stellarburgers.UpdateUserDataAfterAuthorizationTest
updateEmailOfUserWithInvalidDataTest(site.nomoreparties.stellarburgers.UpdateUserDataAfterAuthorizationTest)  Time elapsed: 1.634 s  <<< FAILURE!
java.lang.AssertionError: 
1 expectation failed.
Expected status code <403> but was <200>.

	at site.nomoreparties.stellarburgers.UpdateUserDataAfterAuthorizationTest.updateEmailOfUserWithInvalidDataTest(UpdateUserDataAfterAuthorizationTest.java:107)

