-------------------------------------------------------------------------------
Test set: site.nomoreparties.stellarburgers.UpdateUserDataWithoutAuthorizationTest
-------------------------------------------------------------------------------
Tests run: 1, Failures: 1, Errors: 0, Skipped: 0, Time elapsed: 4.841 s <<< FAILURE! - in site.nomoreparties.stellarburgers.UpdateUserDataWithoutAuthorizationTest
updateUserDataWithoutAuthorizationTest(site.nomoreparties.stellarburgers.UpdateUserDataWithoutAuthorizationTest)  Time elapsed: 4.65 s  <<< FAILURE!
java.lang.AssertionError: 
1 expectation failed.
Expected status code <401> but was <200>.

	at site.nomoreparties.stellarburgers.UpdateUserDataWithoutAuthorizationTest.updateUserDataWithoutAuthorizationTest(UpdateUserDataWithoutAuthorizationTest.java:50)

